[0.205s] DEBUG:colcon:Command line arguments: ['/usr/bin/colcon', 'build']
[0.205s] DEBUG:colcon:Parsed command line arguments: Namespace(ament_cmake_args=None, base_paths=['.'], build_base='build', catkin_cmake_args=None, catkin_skip_building_tests=False, cmake_args=None, cmake_clean_cache=False, cmake_clean_first=False, cmake_force_configure=False, cmake_target=None, cmake_target_skip_unavailable=False, continue_on_error=False, event_handlers=None, executor='parallel', ignore_user_meta=False, install_base='install', log_base=None, log_level=None, main=<bound method BuildVerb.main of <colcon_core.verb.build.BuildVerb object at 0x7f2861d8ae80>>, merge_install=False, metas=['./colcon.meta'], packages_above=None, packages_above_and_dependencies=None, packages_above_depth=None, packages_end=None, packages_ignore=None, packages_ignore_regex=None, packages_select=None, packages_select_build_failed=False, packages_select_by_dep=None, packages_select_regex=None, packages_select_test_failures=False, packages_skip=None, packages_skip_build_finished=False, packages_skip_by_dep=None, packages_skip_regex=None, packages_skip_test_passed=False, packages_skip_up_to=None, packages_start=None, packages_up_to=None, packages_up_to_regex=None, parallel_workers=2, paths=None, symlink_install=False, test_result_base=None, verb_extension=<colcon_core.verb.build.BuildVerb object at 0x7f2861d8ae80>, verb_name='build', verb_parser=<colcon_defaults.argument_parser.defaults.DefaultArgumentsDecorator object at 0x7f2861d18430>)
[0.216s] Level 1:colcon.colcon_core.package_discovery:discover_packages(colcon_meta) check parameters
[0.216s] Level 1:colcon.colcon_core.package_discovery:discover_packages(recursive) check parameters
[0.217s] Level 1:colcon.colcon_core.package_discovery:discover_packages(ignore) check parameters
[0.217s] Level 1:colcon.colcon_core.package_discovery:discover_packages(path) check parameters
[0.217s] Level 1:colcon.colcon_core.package_discovery:discover_packages(colcon_meta) discover
[0.217s] Level 1:colcon.colcon_core.package_discovery:discover_packages(recursive) discover
[0.217s] INFO:colcon.colcon_core.package_discovery:Crawling recursively for packages in '/home/robohub/dev_ws/src/vision_3d_test'
[0.218s] Level 1:colcon.colcon_core.package_identification:_identify(.) by extensions ['ignore', 'ignore_ament_install']
[0.218s] Level 1:colcon.colcon_core.package_identification:_identify(.) by extension 'ignore'
[0.219s] Level 1:colcon.colcon_core.package_identification:_identify(.) by extension 'ignore_ament_install'
[0.219s] Level 1:colcon.colcon_core.package_identification:_identify(.) by extensions ['colcon_pkg']
[0.219s] Level 1:colcon.colcon_core.package_identification:_identify(.) by extension 'colcon_pkg'
[0.220s] Level 1:colcon.colcon_core.package_identification:_identify(.) by extensions ['colcon_meta']
[0.220s] Level 1:colcon.colcon_core.package_identification:_identify(.) by extension 'colcon_meta'
[0.220s] Level 1:colcon.colcon_core.package_identification:_identify(.) by extensions ['ros']
[0.220s] Level 1:colcon.colcon_core.package_identification:_identify(.) by extension 'ros'
[0.239s] DEBUG:colcon.colcon_core.package_identification:Package '.' with type 'ros.catkin' and name 'vision_3d_test'
[0.240s] Level 1:colcon.colcon_core.package_discovery:discover_packages(recursive) using defaults
[0.240s] Level 1:colcon.colcon_core.package_discovery:discover_packages(ignore) discover
[0.240s] Level 1:colcon.colcon_core.package_discovery:discover_packages(ignore) using defaults
[0.240s] Level 1:colcon.colcon_core.package_discovery:discover_packages(path) discover
[0.240s] Level 1:colcon.colcon_core.package_discovery:discover_packages(path) using defaults
[0.267s] Level 5:colcon.colcon_core.verb:set package 'vision_3d_test' build argument 'cmake_args' from command line to 'None'
[0.267s] Level 5:colcon.colcon_core.verb:set package 'vision_3d_test' build argument 'cmake_target' from command line to 'None'
[0.267s] Level 5:colcon.colcon_core.verb:set package 'vision_3d_test' build argument 'cmake_target_skip_unavailable' from command line to 'False'
[0.267s] Level 5:colcon.colcon_core.verb:set package 'vision_3d_test' build argument 'cmake_clean_cache' from command line to 'False'
[0.267s] Level 5:colcon.colcon_core.verb:set package 'vision_3d_test' build argument 'cmake_clean_first' from command line to 'False'
[0.267s] Level 5:colcon.colcon_core.verb:set package 'vision_3d_test' build argument 'cmake_force_configure' from command line to 'False'
[0.267s] Level 5:colcon.colcon_core.verb:set package 'vision_3d_test' build argument 'ament_cmake_args' from command line to 'None'
[0.267s] Level 5:colcon.colcon_core.verb:set package 'vision_3d_test' build argument 'catkin_cmake_args' from command line to 'None'
[0.267s] Level 5:colcon.colcon_core.verb:set package 'vision_3d_test' build argument 'catkin_skip_building_tests' from command line to 'False'
[0.268s] DEBUG:colcon.colcon_core.verb:Building package 'vision_3d_test' with the following arguments: {'ament_cmake_args': None, 'build_base': '/home/robohub/dev_ws/src/vision_3d_test/build/vision_3d_test', 'catkin_cmake_args': None, 'catkin_skip_building_tests': False, 'cmake_args': None, 'cmake_clean_cache': False, 'cmake_clean_first': False, 'cmake_force_configure': False, 'cmake_target': None, 'cmake_target_skip_unavailable': False, 'install_base': '/home/robohub/dev_ws/src/vision_3d_test/install/vision_3d_test', 'merge_install': False, 'path': '/home/robohub/dev_ws/src/vision_3d_test', 'symlink_install': False, 'test_result_base': None}
[0.268s] INFO:colcon.colcon_core.executor:Executing jobs using 'parallel' executor
[0.273s] DEBUG:colcon.colcon_parallel_executor.executor.parallel:run_until_complete
[0.274s] INFO:colcon.colcon_ros.task.catkin.build:Building ROS package in '/home/robohub/dev_ws/src/vision_3d_test' with build type 'catkin'
[0.275s] INFO:colcon.colcon_cmake.task.cmake.build:Building CMake package in '/home/robohub/dev_ws/src/vision_3d_test'
[0.280s] INFO:colcon.colcon_core.plugin_system:Skipping extension 'colcon_core.shell.bat': Not used on non-Windows systems
[0.281s] INFO:colcon.colcon_core.shell:Skip shell extension 'powershell' for command environment: Not usable outside of PowerShell
[0.282s] DEBUG:colcon.colcon_core.shell:Skip shell extension 'dsv' for command environment
[0.286s] DEBUG:colcon.colcon_core.shell:Ignoring prefix path '/opt/ros/foxy'
[0.311s] DEBUG:colcon.colcon_core.event_handler.log_command:Invoking command in '/home/robohub/dev_ws/src/vision_3d_test/build/vision_3d_test': /usr/bin/cmake --build /home/robohub/dev_ws/src/vision_3d_test/build/vision_3d_test -- -j2 -l2
[21.342s] DEBUG:colcon.colcon_core.event_handler.log_command:Invoked command in '/home/robohub/dev_ws/src/vision_3d_test/build/vision_3d_test' returned '2': /usr/bin/cmake --build /home/robohub/dev_ws/src/vision_3d_test/build/vision_3d_test -- -j2 -l2
[21.378s] Level 1:colcon.colcon_core.shell:create_environment_hook('vision_3d_test', 'ros_package_path')
[21.379s] INFO:colcon.colcon_core.shell:Creating environment hook '/home/robohub/dev_ws/src/vision_3d_test/install/vision_3d_test/share/vision_3d_test/hook/ros_package_path.ps1'
[21.382s] INFO:colcon.colcon_core.shell:Creating environment descriptor '/home/robohub/dev_ws/src/vision_3d_test/install/vision_3d_test/share/vision_3d_test/hook/ros_package_path.dsv'
[21.383s] INFO:colcon.colcon_core.shell:Creating environment hook '/home/robohub/dev_ws/src/vision_3d_test/install/vision_3d_test/share/vision_3d_test/hook/ros_package_path.sh'
[21.384s] Level 1:colcon.colcon_core.shell:create_environment_hook('vision_3d_test', 'pkg_config_path')
[21.384s] INFO:colcon.colcon_core.shell:Creating environment hook '/home/robohub/dev_ws/src/vision_3d_test/install/vision_3d_test/share/vision_3d_test/hook/pkg_config_path.ps1'
[21.384s] INFO:colcon.colcon_core.shell:Creating environment descriptor '/home/robohub/dev_ws/src/vision_3d_test/install/vision_3d_test/share/vision_3d_test/hook/pkg_config_path.dsv'
[21.385s] INFO:colcon.colcon_core.shell:Creating environment hook '/home/robohub/dev_ws/src/vision_3d_test/install/vision_3d_test/share/vision_3d_test/hook/pkg_config_path.sh'
[21.388s] Level 1:colcon.colcon_core.shell:create_environment_hook('vision_3d_test', 'pkg_config_path_multiarch')
[21.389s] INFO:colcon.colcon_core.shell:Creating environment hook '/home/robohub/dev_ws/src/vision_3d_test/install/vision_3d_test/share/vision_3d_test/hook/pkg_config_path_multiarch.ps1'
[21.389s] INFO:colcon.colcon_core.shell:Creating environment descriptor '/home/robohub/dev_ws/src/vision_3d_test/install/vision_3d_test/share/vision_3d_test/hook/pkg_config_path_multiarch.dsv'
[21.390s] INFO:colcon.colcon_core.shell:Creating environment hook '/home/robohub/dev_ws/src/vision_3d_test/install/vision_3d_test/share/vision_3d_test/hook/pkg_config_path_multiarch.sh'
[21.391s] Level 1:colcon.colcon_core.environment:create_environment_scripts_only(vision_3d_test)
[21.394s] Level 1:colcon.colcon_core.environment:checking '/home/robohub/dev_ws/src/vision_3d_test/install/vision_3d_test' for CMake module files
[21.394s] Level 1:colcon.colcon_core.environment:checking '/home/robohub/dev_ws/src/vision_3d_test/install/vision_3d_test' for CMake config files
[21.394s] Level 1:colcon.colcon_core.environment:checking '/home/robohub/dev_ws/src/vision_3d_test/install/vision_3d_test/bin'
[21.394s] Level 1:colcon.colcon_core.environment:checking '/home/robohub/dev_ws/src/vision_3d_test/install/vision_3d_test/lib/pkgconfig/vision_3d_test.pc'
[21.395s] Level 1:colcon.colcon_core.environment:checking '/home/robohub/dev_ws/src/vision_3d_test/install/vision_3d_test/lib/python3.8/site-packages'
[21.395s] INFO:colcon.colcon_core.shell:Creating package script '/home/robohub/dev_ws/src/vision_3d_test/install/vision_3d_test/share/vision_3d_test/package.ps1'
[21.396s] INFO:colcon.colcon_core.shell:Creating package descriptor '/home/robohub/dev_ws/src/vision_3d_test/install/vision_3d_test/share/vision_3d_test/package.dsv'
[21.396s] INFO:colcon.colcon_core.shell:Creating package script '/home/robohub/dev_ws/src/vision_3d_test/install/vision_3d_test/share/vision_3d_test/package.sh'
[21.397s] INFO:colcon.colcon_core.shell:Creating package script '/home/robohub/dev_ws/src/vision_3d_test/install/vision_3d_test/share/vision_3d_test/package.bash'
[21.398s] INFO:colcon.colcon_core.shell:Creating package script '/home/robohub/dev_ws/src/vision_3d_test/install/vision_3d_test/share/vision_3d_test/package.zsh'
[21.399s] Level 1:colcon.colcon_core.environment:create_file_with_runtime_dependencies(/home/robohub/dev_ws/src/vision_3d_test/install/vision_3d_test/share/colcon-core/packages/vision_3d_test)
[21.400s] DEBUG:colcon.colcon_parallel_executor.executor.parallel:closing loop
[21.400s] DEBUG:colcon.colcon_parallel_executor.executor.parallel:loop closed
[21.400s] DEBUG:colcon.colcon_parallel_executor.executor.parallel:run_until_complete finished with '2'
[21.400s] DEBUG:colcon.colcon_core.event_reactor:joining thread
[21.405s] INFO:colcon.colcon_core.plugin_system:Skipping extension 'colcon_notification.desktop_notification.terminal_notifier': Not used on non-Darwin systems
[21.406s] INFO:colcon.colcon_core.plugin_system:Skipping extension 'colcon_notification.desktop_notification.win32': Not used on non-Windows systems
[21.406s] INFO:colcon.colcon_notification.desktop_notification:Sending desktop notification using 'notify2'
[21.423s] DEBUG:colcon.colcon_core.event_reactor:joined thread
[21.423s] INFO:colcon.colcon_core.shell:Creating prefix script '/home/robohub/dev_ws/src/vision_3d_test/install/local_setup.ps1'
[21.425s] INFO:colcon.colcon_core.shell:Creating prefix util module '/home/robohub/dev_ws/src/vision_3d_test/install/_local_setup_util_ps1.py'
[21.428s] INFO:colcon.colcon_core.shell:Creating prefix chain script '/home/robohub/dev_ws/src/vision_3d_test/install/setup.ps1'
[21.439s] INFO:colcon.colcon_core.shell:Creating prefix script '/home/robohub/dev_ws/src/vision_3d_test/install/local_setup.sh'
[21.440s] INFO:colcon.colcon_core.shell:Creating prefix util module '/home/robohub/dev_ws/src/vision_3d_test/install/_local_setup_util_sh.py'
[21.441s] INFO:colcon.colcon_core.shell:Creating prefix chain script '/home/robohub/dev_ws/src/vision_3d_test/install/setup.sh'
[21.443s] INFO:colcon.colcon_core.shell:Creating prefix script '/home/robohub/dev_ws/src/vision_3d_test/install/local_setup.bash'
[21.445s] INFO:colcon.colcon_core.shell:Creating prefix chain script '/home/robohub/dev_ws/src/vision_3d_test/install/setup.bash'
[21.447s] INFO:colcon.colcon_core.shell:Creating prefix script '/home/robohub/dev_ws/src/vision_3d_test/install/local_setup.zsh'
[21.448s] INFO:colcon.colcon_core.shell:Creating prefix chain script '/home/robohub/dev_ws/src/vision_3d_test/install/setup.zsh'
