[0.210s] DEBUG:colcon:Command line arguments: ['/usr/bin/colcon', 'build']
[0.210s] DEBUG:colcon:Parsed command line arguments: Namespace(ament_cmake_args=None, base_paths=['.'], build_base='build', catkin_cmake_args=None, catkin_skip_building_tests=False, cmake_args=None, cmake_clean_cache=False, cmake_clean_first=False, cmake_force_configure=False, cmake_target=None, cmake_target_skip_unavailable=False, continue_on_error=False, event_handlers=None, executor='parallel', ignore_user_meta=False, install_base='install', log_base=None, log_level=None, main=<bound method BuildVerb.main of <colcon_core.verb.build.BuildVerb object at 0x7f9e7d316100>>, merge_install=False, metas=['./colcon.meta'], packages_above=None, packages_above_and_dependencies=None, packages_above_depth=None, packages_end=None, packages_ignore=None, packages_ignore_regex=None, packages_select=None, packages_select_build_failed=False, packages_select_by_dep=None, packages_select_regex=None, packages_select_test_failures=False, packages_skip=None, packages_skip_build_finished=False, packages_skip_by_dep=None, packages_skip_regex=None, packages_skip_test_passed=False, packages_skip_up_to=None, packages_start=None, packages_up_to=None, packages_up_to_regex=None, parallel_workers=2, paths=None, symlink_install=False, test_result_base=None, verb_extension=<colcon_core.verb.build.BuildVerb object at 0x7f9e7d316100>, verb_name='build', verb_parser=<colcon_defaults.argument_parser.defaults.DefaultArgumentsDecorator object at 0x7f9e7d316580>)
[0.217s] Level 1:colcon.colcon_core.package_discovery:discover_packages(colcon_meta) check parameters
[0.217s] Level 1:colcon.colcon_core.package_discovery:discover_packages(recursive) check parameters
[0.217s] Level 1:colcon.colcon_core.package_discovery:discover_packages(ignore) check parameters
[0.217s] Level 1:colcon.colcon_core.package_discovery:discover_packages(path) check parameters
[0.217s] Level 1:colcon.colcon_core.package_discovery:discover_packages(colcon_meta) discover
[0.217s] Level 1:colcon.colcon_core.package_discovery:discover_packages(recursive) discover
[0.217s] INFO:colcon.colcon_core.package_discovery:Crawling recursively for packages in '/home/robohub/dev_ws/src/vision_3d_test'
[0.217s] Level 1:colcon.colcon_core.package_identification:_identify(.) by extensions ['ignore', 'ignore_ament_install']
[0.217s] Level 1:colcon.colcon_core.package_identification:_identify(.) by extension 'ignore'
[0.217s] Level 1:colcon.colcon_core.package_identification:_identify(.) by extension 'ignore_ament_install'
[0.218s] Level 1:colcon.colcon_core.package_identification:_identify(.) by extensions ['colcon_pkg']
[0.218s] Level 1:colcon.colcon_core.package_identification:_identify(.) by extension 'colcon_pkg'
[0.218s] Level 1:colcon.colcon_core.package_identification:_identify(.) by extensions ['colcon_meta']
[0.218s] Level 1:colcon.colcon_core.package_identification:_identify(.) by extension 'colcon_meta'
[0.218s] Level 1:colcon.colcon_core.package_identification:_identify(.) by extensions ['ros']
[0.218s] Level 1:colcon.colcon_core.package_identification:_identify(.) by extension 'ros'
[0.244s] DEBUG:colcon.colcon_core.package_identification:Package '.' with type 'ros.catkin' and name 'vision_3d_test'
[0.244s] Level 1:colcon.colcon_core.package_discovery:discover_packages(recursive) using defaults
[0.244s] Level 1:colcon.colcon_core.package_discovery:discover_packages(ignore) discover
[0.244s] Level 1:colcon.colcon_core.package_discovery:discover_packages(ignore) using defaults
[0.244s] Level 1:colcon.colcon_core.package_discovery:discover_packages(path) discover
[0.244s] Level 1:colcon.colcon_core.package_discovery:discover_packages(path) using defaults
[0.270s] Level 5:colcon.colcon_core.verb:set package 'vision_3d_test' build argument 'cmake_args' from command line to 'None'
[0.270s] Level 5:colcon.colcon_core.verb:set package 'vision_3d_test' build argument 'cmake_target' from command line to 'None'
[0.270s] Level 5:colcon.colcon_core.verb:set package 'vision_3d_test' build argument 'cmake_target_skip_unavailable' from command line to 'False'
[0.270s] Level 5:colcon.colcon_core.verb:set package 'vision_3d_test' build argument 'cmake_clean_cache' from command line to 'False'
[0.270s] Level 5:colcon.colcon_core.verb:set package 'vision_3d_test' build argument 'cmake_clean_first' from command line to 'False'
[0.271s] Level 5:colcon.colcon_core.verb:set package 'vision_3d_test' build argument 'cmake_force_configure' from command line to 'False'
[0.271s] Level 5:colcon.colcon_core.verb:set package 'vision_3d_test' build argument 'ament_cmake_args' from command line to 'None'
[0.271s] Level 5:colcon.colcon_core.verb:set package 'vision_3d_test' build argument 'catkin_cmake_args' from command line to 'None'
[0.271s] Level 5:colcon.colcon_core.verb:set package 'vision_3d_test' build argument 'catkin_skip_building_tests' from command line to 'False'
[0.271s] DEBUG:colcon.colcon_core.verb:Building package 'vision_3d_test' with the following arguments: {'ament_cmake_args': None, 'build_base': '/home/robohub/dev_ws/src/vision_3d_test/build/vision_3d_test', 'catkin_cmake_args': None, 'catkin_skip_building_tests': False, 'cmake_args': None, 'cmake_clean_cache': False, 'cmake_clean_first': False, 'cmake_force_configure': False, 'cmake_target': None, 'cmake_target_skip_unavailable': False, 'install_base': '/home/robohub/dev_ws/src/vision_3d_test/install/vision_3d_test', 'merge_install': False, 'path': '/home/robohub/dev_ws/src/vision_3d_test', 'symlink_install': False, 'test_result_base': None}
[0.271s] INFO:colcon.colcon_core.executor:Executing jobs using 'parallel' executor
[0.274s] DEBUG:colcon.colcon_parallel_executor.executor.parallel:run_until_complete
[0.274s] INFO:colcon.colcon_ros.task.catkin.build:Building ROS package in '/home/robohub/dev_ws/src/vision_3d_test' with build type 'catkin'
[0.274s] INFO:colcon.colcon_cmake.task.cmake.build:Building CMake package in '/home/robohub/dev_ws/src/vision_3d_test'
[0.280s] INFO:colcon.colcon_core.plugin_system:Skipping extension 'colcon_core.shell.bat': Not used on non-Windows systems
[0.280s] INFO:colcon.colcon_core.shell:Skip shell extension 'powershell' for command environment: Not usable outside of PowerShell
[0.280s] DEBUG:colcon.colcon_core.shell:Skip shell extension 'dsv' for command environment
[0.283s] DEBUG:colcon.colcon_core.shell:Ignoring prefix path '/opt/ros/foxy'
[0.297s] DEBUG:colcon.colcon_core.event_handler.log_command:Invoking command in '/home/robohub/dev_ws/src/vision_3d_test/build/vision_3d_test': /usr/bin/cmake --build /home/robohub/dev_ws/src/vision_3d_test/build/vision_3d_test -- -j2 -l2
[3.890s] DEBUG:colcon.colcon_core.event_handler.log_command:Invoked command in '/home/robohub/dev_ws/src/vision_3d_test/build/vision_3d_test' returned '2': /usr/bin/cmake --build /home/robohub/dev_ws/src/vision_3d_test/build/vision_3d_test -- -j2 -l2
[3.942s] Level 1:colcon.colcon_core.shell:create_environment_hook('vision_3d_test', 'ros_package_path')
[3.946s] INFO:colcon.colcon_core.shell:Creating environment hook '/home/robohub/dev_ws/src/vision_3d_test/install/vision_3d_test/share/vision_3d_test/hook/ros_package_path.ps1'
[3.947s] INFO:colcon.colcon_core.shell:Creating environment descriptor '/home/robohub/dev_ws/src/vision_3d_test/install/vision_3d_test/share/vision_3d_test/hook/ros_package_path.dsv'
[3.947s] INFO:colcon.colcon_core.shell:Creating environment hook '/home/robohub/dev_ws/src/vision_3d_test/install/vision_3d_test/share/vision_3d_test/hook/ros_package_path.sh'
[3.949s] Level 1:colcon.colcon_core.shell:create_environment_hook('vision_3d_test', 'pkg_config_path')
[3.950s] INFO:colcon.colcon_core.shell:Creating environment hook '/home/robohub/dev_ws/src/vision_3d_test/install/vision_3d_test/share/vision_3d_test/hook/pkg_config_path.ps1'
[3.950s] INFO:colcon.colcon_core.shell:Creating environment descriptor '/home/robohub/dev_ws/src/vision_3d_test/install/vision_3d_test/share/vision_3d_test/hook/pkg_config_path.dsv'
[3.951s] INFO:colcon.colcon_core.shell:Creating environment hook '/home/robohub/dev_ws/src/vision_3d_test/install/vision_3d_test/share/vision_3d_test/hook/pkg_config_path.sh'
[3.955s] Level 1:colcon.colcon_core.shell:create_environment_hook('vision_3d_test', 'pkg_config_path_multiarch')
[3.957s] INFO:colcon.colcon_core.shell:Creating environment hook '/home/robohub/dev_ws/src/vision_3d_test/install/vision_3d_test/share/vision_3d_test/hook/pkg_config_path_multiarch.ps1'
[3.958s] INFO:colcon.colcon_core.shell:Creating environment descriptor '/home/robohub/dev_ws/src/vision_3d_test/install/vision_3d_test/share/vision_3d_test/hook/pkg_config_path_multiarch.dsv'
[3.959s] INFO:colcon.colcon_core.shell:Creating environment hook '/home/robohub/dev_ws/src/vision_3d_test/install/vision_3d_test/share/vision_3d_test/hook/pkg_config_path_multiarch.sh'
[3.961s] Level 1:colcon.colcon_core.environment:create_environment_scripts_only(vision_3d_test)
[3.965s] Level 1:colcon.colcon_core.environment:checking '/home/robohub/dev_ws/src/vision_3d_test/install/vision_3d_test' for CMake module files
[3.965s] Level 1:colcon.colcon_core.environment:checking '/home/robohub/dev_ws/src/vision_3d_test/install/vision_3d_test' for CMake config files
[3.966s] Level 1:colcon.colcon_core.environment:checking '/home/robohub/dev_ws/src/vision_3d_test/install/vision_3d_test/bin'
[3.966s] Level 1:colcon.colcon_core.environment:checking '/home/robohub/dev_ws/src/vision_3d_test/install/vision_3d_test/lib/pkgconfig/vision_3d_test.pc'
[3.966s] Level 1:colcon.colcon_core.environment:checking '/home/robohub/dev_ws/src/vision_3d_test/install/vision_3d_test/lib/python3.8/site-packages'
[3.967s] INFO:colcon.colcon_core.shell:Creating package script '/home/robohub/dev_ws/src/vision_3d_test/install/vision_3d_test/share/vision_3d_test/package.ps1'
[3.968s] INFO:colcon.colcon_core.shell:Creating package descriptor '/home/robohub/dev_ws/src/vision_3d_test/install/vision_3d_test/share/vision_3d_test/package.dsv'
[3.969s] INFO:colcon.colcon_core.shell:Creating package script '/home/robohub/dev_ws/src/vision_3d_test/install/vision_3d_test/share/vision_3d_test/package.sh'
[3.970s] INFO:colcon.colcon_core.shell:Creating package script '/home/robohub/dev_ws/src/vision_3d_test/install/vision_3d_test/share/vision_3d_test/package.bash'
[3.971s] INFO:colcon.colcon_core.shell:Creating package script '/home/robohub/dev_ws/src/vision_3d_test/install/vision_3d_test/share/vision_3d_test/package.zsh'
[3.972s] Level 1:colcon.colcon_core.environment:create_file_with_runtime_dependencies(/home/robohub/dev_ws/src/vision_3d_test/install/vision_3d_test/share/colcon-core/packages/vision_3d_test)
[3.979s] DEBUG:colcon.colcon_parallel_executor.executor.parallel:closing loop
[3.979s] DEBUG:colcon.colcon_parallel_executor.executor.parallel:loop closed
[3.980s] DEBUG:colcon.colcon_parallel_executor.executor.parallel:run_until_complete finished with '2'
[3.980s] DEBUG:colcon.colcon_core.event_reactor:joining thread
[3.990s] INFO:colcon.colcon_core.plugin_system:Skipping extension 'colcon_notification.desktop_notification.terminal_notifier': Not used on non-Darwin systems
[3.990s] INFO:colcon.colcon_core.plugin_system:Skipping extension 'colcon_notification.desktop_notification.win32': Not used on non-Windows systems
[3.990s] INFO:colcon.colcon_notification.desktop_notification:Sending desktop notification using 'notify2'
[4.026s] DEBUG:colcon.colcon_core.event_reactor:joined thread
[4.027s] INFO:colcon.colcon_core.shell:Creating prefix script '/home/robohub/dev_ws/src/vision_3d_test/install/local_setup.ps1'
[4.028s] INFO:colcon.colcon_core.shell:Creating prefix util module '/home/robohub/dev_ws/src/vision_3d_test/install/_local_setup_util_ps1.py'
[4.030s] INFO:colcon.colcon_core.shell:Creating prefix chain script '/home/robohub/dev_ws/src/vision_3d_test/install/setup.ps1'
[4.037s] INFO:colcon.colcon_core.shell:Creating prefix script '/home/robohub/dev_ws/src/vision_3d_test/install/local_setup.sh'
[4.038s] INFO:colcon.colcon_core.shell:Creating prefix util module '/home/robohub/dev_ws/src/vision_3d_test/install/_local_setup_util_sh.py'
[4.039s] INFO:colcon.colcon_core.shell:Creating prefix chain script '/home/robohub/dev_ws/src/vision_3d_test/install/setup.sh'
[4.042s] INFO:colcon.colcon_core.shell:Creating prefix script '/home/robohub/dev_ws/src/vision_3d_test/install/local_setup.bash'
[4.043s] INFO:colcon.colcon_core.shell:Creating prefix chain script '/home/robohub/dev_ws/src/vision_3d_test/install/setup.bash'
[4.046s] INFO:colcon.colcon_core.shell:Creating prefix script '/home/robohub/dev_ws/src/vision_3d_test/install/local_setup.zsh'
[4.047s] INFO:colcon.colcon_core.shell:Creating prefix chain script '/home/robohub/dev_ws/src/vision_3d_test/install/setup.zsh'
